生成启动时间为 2016/1/13 10:05:46。
     1>项目“C:\Users\dell\Desktop\作业\CALCULATOR\CALCULATOR\CALCULATOR.vcxproj”在节点 2 上(build 个目标)。
     1>InitializeBuildStatus:
         正在创建“Debug\CALCULATOR.unsuccessfulbuild”，因为已指定“AlwaysCreate”。
       ClCompile:
         所有输出均为最新。
         E:\vvs20101010\VC\bin\CL.exe /c /ZI /nologo /W3 /WX- /Od /Oy- /D WIN32 /D _WINDOWS /D _DEBUG /D _UNICODE /D UNICODE /D _AFXDLL /Gm /EHsc /RTC1 /MDd /GS /fp:precise /Zc:wchar_t /Zc:forScope /Yu"StdAfx.h" /Fp"Debug\CALCULATOR.pch" /Fo"Debug\\" /Fd"Debug\vc100.pdb" /Gd /TP /analyze- /errorReport:prompt CALCULATORDlg.cpp
         CALCULATORDlg.cpp
     1>c:\users\dell\desktop\作业\calculator\calculator\calculatordlg.cpp(554): warning C4244: “参数”: 从“double”转换到“int”，可能丢失数据
     1>c:\users\dell\desktop\作业\calculator\calculator\calculatordlg.cpp(554): warning C4244: “参数”: 从“double”转换到“int”，可能丢失数据
     1>c:\users\dell\desktop\作业\calculator\calculator\calculatordlg.cpp(554): warning C4244: “参数”: 从“double”转换到“int”，可能丢失数据
     1>c:\users\dell\desktop\作业\calculator\calculator\calculatordlg.cpp(554): warning C4244: “参数”: 从“double”转换到“int”，可能丢失数据
     1>c:\users\dell\desktop\作业\calculator\calculator\calculatordlg.cpp(566): warning C4244: “参数”: 从“double”转换到“int”，可能丢失数据
     1>c:\users\dell\desktop\作业\calculator\calculator\calculatordlg.cpp(566): warning C4244: “参数”: 从“double”转换到“int”，可能丢失数据
     1>c:\users\dell\desktop\作业\calculator\calculator\calculatordlg.cpp(572): warning C4244: “参数”: 从“double”转换到“int”，可能丢失数据
     1>c:\users\dell\desktop\作业\calculator\calculator\calculatordlg.cpp(572): warning C4244: “参数”: 从“double”转换到“int”，可能丢失数据
     1>c:\users\dell\desktop\作业\calculator\calculator\calculatordlg.cpp(578): warning C4244: “参数”: 从“double”转换到“int”，可能丢失数据
     1>c:\users\dell\desktop\作业\calculator\calculator\calculatordlg.cpp(578): warning C4244: “参数”: 从“double”转换到“int”，可能丢失数据
     1>c:\users\dell\desktop\作业\calculator\calculator\calculatordlg.cpp(584): warning C4244: “参数”: 从“double”转换到“int”，可能丢失数据
     1>c:\users\dell\desktop\作业\calculator\calculator\calculatordlg.cpp(584): warning C4244: “参数”: 从“double”转换到“int”，可能丢失数据
     1>c:\users\dell\desktop\作业\calculator\calculator\calculatordlg.cpp(590): warning C4244: “参数”: 从“double”转换到“int”，可能丢失数据
     1>c:\users\dell\desktop\作业\calculator\calculator\calculatordlg.cpp(590): warning C4244: “参数”: 从“double”转换到“int”，可能丢失数据
     1>c:\users\dell\desktop\作业\calculator\calculator\calculatordlg.cpp(596): warning C4244: “参数”: 从“double”转换到“int”，可能丢失数据
     1>c:\users\dell\desktop\作业\calculator\calculator\calculatordlg.cpp(596): warning C4244: “参数”: 从“double”转换到“int”，可能丢失数据
       ResourceCompile:
         所有输出均为最新。
       ManifestResourceCompile:
         所有输出均为最新。
       Link:
         E:\vvs20101010\VC\bin\link.exe /ERRORREPORT:PROMPT /OUT:"C:\Users\dell\Desktop\作业\CALCULATOR\Debug\CALCULATOR.exe" /INCREMENTAL /NOLOGO /MANIFEST /ManifestFile:"Debug\CALCULATOR.exe.intermediate.manifest" /MANIFESTUAC:"level='asInvoker' uiAccess='false'" /DEBUG /PDB:"C:\Users\dell\Desktop\作业\CALCULATOR\Debug\CALCULATOR.pdb" /SUBSYSTEM:WINDOWS /TLBID:1 /ENTRY:"wWinMainCRTStartup" /DYNAMICBASE /NXCOMPAT /IMPLIB:"C:\Users\dell\Desktop\作业\CALCULATOR\Debug\CALCULATOR.lib" /MACHINE:X86 Debug\CALCULATOR.res
         Debug\CALCULATOR.exe.embed.manifest.res
         Debug\CALCULATOR.obj
         Debug\CALCULATORDlg.obj
         Debug\stdafx.obj
       Manifest:
         C:\Program Files (x86)\Microsoft SDKs\Windows\v7.0A\bin\mt.exe /nologo /verbose /out:"Debug\CALCULATOR.exe.embed.manifest" /manifest Debug\CALCULATOR.exe.intermediate.manifest E:\vvs20101010\VC\Include\Manifest\dpiaware.manifest
         所有输出均为最新。
       LinkEmbedManifest:
         所有输出均为最新。
         CALCULATOR.vcxproj -> C:\Users\dell\Desktop\作业\CALCULATOR\Debug\CALCULATOR.exe
       FinalizeBuildStatus:
         正在删除文件“Debug\CALCULATOR.unsuccessfulbuild”。
         正在对“Debug\CALCULATOR.lastbuildstate”执行 Touch 任务。
     1>已完成生成项目“C:\Users\dell\Desktop\作业\CALCULATOR\CALCULATOR\CALCULATOR.vcxproj”(build 个目标)的操作。

生成成功。

已用时间 00:00:00.94
